nohup: ignoring input
2026/01/13 12:56:00 âœ… Database connection established (WAL mode & Busy Timeout optimized)
2026/01/13 12:56:00 âœ… Migration 1 executed successfully
2026/01/13 12:56:00 âœ… Migration 2 executed successfully
2026/01/13 12:56:00 âœ… Migration 3 executed successfully
2026/01/13 12:56:00 âœ… Migration 4 executed successfully
2026/01/13 12:56:00 âœ… Migration 5 executed successfully
2026/01/13 12:56:00 âœ… Migration 6 executed successfully
2026/01/13 12:56:00 âœ… Migration 7 executed successfully
2026/01/13 12:56:00 âœ… Migration 8 executed successfully
2026/01/13 12:56:00 âœ… Migration 9 executed successfully
2026/01/13 12:56:00 âœ… Migration 10 executed successfully
2026/01/13 12:56:00 âš ï¸  Migration 11 warning: SQL logic error: duplicate column name: installer_id (1)
2026/01/13 12:56:00 âš ï¸  Migration 12 warning: SQL logic error: duplicate column name: project_cost (1)
2026/01/13 12:56:00 âš ï¸  Migration 13 warning: SQL logic error: duplicate column name: plant_id (1)
2026/01/13 12:56:00 âœ… Migration 14 executed successfully
2026/01/13 12:56:00 âœ… Migration 15 executed successfully
2026/01/13 12:56:00 âœ… Migration 16 executed successfully
2026/01/13 12:56:00 âœ… Migration 17 executed successfully
2026/01/13 12:56:00 âœ… Migration 18 executed successfully
2026/01/13 12:56:00 âœ… Migration 19 executed successfully
2026/01/13 12:56:00 âœ… Migration 20 executed successfully
2026/01/13 12:56:00 âš ï¸  Migration 21 warning: SQL logic error: no such column: "power" (1)
2026/01/13 12:56:00 âš ï¸  Migration 22 warning: SQL logic error: duplicate column name: load_power (1)
2026/01/13 12:56:00 âš ï¸  Migration 23 warning: SQL logic error: duplicate column name: grid_power (1)
2026/01/13 12:56:00 âš ï¸  Migration 24 warning: SQL logic error: duplicate column name: weather_condition (1)
2026/01/13 12:56:00 ðŸŽ‰ All database migrations completed successfully
2026/01/13 12:56:00 ðŸ›ï¸  Government subsidy module initialized
[GIN-debug] [WARNING] Creating an Engine instance with the Logger and Recovery middleware already attached.

[GIN-debug] [WARNING] Running in "debug" mode. Switch to "release" mode in production.
 - using env:	export GIN_MODE=release
 - using code:	gin.SetMode(gin.ReleaseMode)

[GIN-debug] GET    /health                   --> main.main.func1 (4 handlers)
[GIN-debug] GET    /test                     --> main.main.func2 (4 handlers)
[GIN-debug] POST   /seed/superadmin          --> main.main.func3 (4 handlers)
[GIN-debug] POST   /auth/register            --> sems-backend/internal/auth.Register (4 handlers)
[GIN-debug] POST   /auth/login               --> sems-backend/internal/auth.Login (4 handlers)
[GIN-debug] POST   /iot/data                 --> sems-backend/internal/energy.IngestData (4 handlers)
[GIN-debug] GET    /public/hierarchy         --> sems-backend/internal/users.GetPublicHierarchyHandler (4 handlers)
[GIN-debug] GET    /user/profile             --> sems-backend/internal/users.GetCurrentUserHandler (6 handlers)
[GIN-debug] PUT    /user/profile             --> sems-backend/internal/users.UpdateUserHandler (6 handlers)
[GIN-debug] POST   /user/onboarding          --> sems-backend/internal/users.CompleteOnboarding (6 handlers)
[GIN-debug] GET    /user/solar-profile       --> sems-backend/internal/users.GetSolarProfileHandler (6 handlers)
[GIN-debug] PUT    /user/solar-profile       --> sems-backend/internal/users.UpdateSolarProfileHandler (6 handlers)
[GIN-debug] GET    /user/energy/current      --> sems-backend/internal/energy.CurrentEnergy (6 handlers)
[GIN-debug] GET    /user/energy/financials   --> sems-backend/internal/energy.GetFinancialStatsHandler (6 handlers)
[GIN-debug] POST   /user/energy/predict      --> sems-backend/internal/energy.GetSolarPrediction (6 handlers)
[GIN-debug] GET    /user/energy/history      --> sems-backend/internal/energy.GetEnergyHistoryHandler (6 handlers)
[GIN-debug] GET    /user/energy/analytics    --> sems-backend/internal/energy.GetEnergyAnalyticsHandler (6 handlers)
[GIN-debug] GET    /user/devices             --> sems-backend/internal/devices.GetDevicesHandler (6 handlers)
[GIN-debug] POST   /user/devices             --> sems-backend/internal/devices.CreateUserDeviceHandler (6 handlers)
[GIN-debug] GET    /user/devices/:id         --> sems-backend/internal/devices.GetDeviceHandler (6 handlers)
[GIN-debug] PUT    /user/devices/:id         --> sems-backend/internal/devices.UpdateDeviceHandler (6 handlers)
[GIN-debug] DELETE /user/devices/:id         --> sems-backend/internal/devices.DeleteDeviceHandler (6 handlers)
[GIN-debug] POST   /user/devices/:id/regenerate-key --> sems-backend/internal/devices.RegenerateAPIKeyHandler (6 handlers)
[GIN-debug] GET    /user/devices/:id/power   --> sems-backend/internal/devices.GetDevicePowerHandler (6 handlers)
[GIN-debug] GET    /user/notifications       --> sems-backend/internal/notifications.GetNotificationsHandler (6 handlers)
[GIN-debug] GET    /user/notifications/unread-count --> sems-backend/internal/notifications.GetUnreadCountHandler (6 handlers)
[GIN-debug] PUT    /user/notifications/:id/read --> sems-backend/internal/notifications.MarkAsReadHandler (6 handlers)
[GIN-debug] PUT    /user/notifications/read-all --> sems-backend/internal/notifications.MarkAllAsReadHandler (6 handlers)
[GIN-debug] DELETE /user/notifications/:id   --> sems-backend/internal/notifications.DeleteNotificationHandler (6 handlers)
[GIN-debug] GET    /user/notification-preferences --> sems-backend/internal/notifications.GetPreferencesHandler (6 handlers)
[GIN-debug] PUT    /user/notification-preferences --> sems-backend/internal/notifications.UpdatePreferencesHandler (6 handlers)
[GIN-debug] GET    /user/reports/energy/export --> sems-backend/internal/reports.ExportEnergyDataHandler (6 handlers)
[GIN-debug] GET    /user/weather             --> sems-backend/internal/weather.GetWeatherHandler (6 handlers)
[GIN-debug] GET    /user/tickets             --> sems-backend/internal/tickets.GetUserTicketsHandler (6 handlers)
[GIN-debug] POST   /user/tickets             --> sems-backend/internal/tickets.CreateTicketHandler (6 handlers)
[GIN-debug] POST   /installer/devices        --> sems-backend/internal/devices.CreateDeviceHandler (6 handlers)
[GIN-debug] GET    /installer/jobs           --> sems-backend/internal/installer.GetAvailableJobsHandler (6 handlers)
[GIN-debug] POST   /installer/jobs/:id/complete --> sems-backend/internal/installer.CompleteInstallationHandler (6 handlers)
[GIN-debug] GET    /installer/tickets        --> sems-backend/internal/tickets.GetInstallerTicketsHandler (6 handlers)
[GIN-debug] PUT    /installer/tickets/:id/status --> sems-backend/internal/tickets.UpdateTicketStatusHandler (6 handlers)
[GIN-debug] GET    /superadmin/admins        --> sems-backend/internal/users.GetAdminsHandler (6 handlers)
[GIN-debug] GET    /superadmin/installers    --> sems-backend/internal/users.GetInstallersHandler (6 handlers)
[GIN-debug] POST   /superadmin/admins        --> sems-backend/internal/users.CreateUserHandler (6 handlers)
[GIN-debug] GET    /superadmin/admins/:id    --> sems-backend/internal/users.GetUserHandler (6 handlers)
[GIN-debug] PUT    /superadmin/admins/:id    --> sems-backend/internal/users.UpdateUserHandler (6 handlers)
[GIN-debug] DELETE /superadmin/admins/:id    --> sems-backend/internal/users.DeleteUserHandler (6 handlers)
[GIN-debug] GET    /superadmin/users         --> sems-backend/internal/users.GetUsersHandler (6 handlers)
[GIN-debug] GET    /superadmin/global/stats  --> sems-backend/internal/users.GetGlobalStatsHandler (6 handlers)
[GIN-debug] GET    /superadmin/stats/regional --> sems-backend/internal/users.GetRegionalStatsHandler (6 handlers)
[GIN-debug] GET    /superadmin/hierarchy     --> sems-backend/internal/users.GetSystemHierarchyHandler (6 handlers)
[GIN-debug] GET    /superadmin/devices       --> sems-backend/internal/devices.GetAllDevicesHandler (6 handlers)
[GIN-debug] GET    /superadmin/devices/:id   --> sems-backend/internal/devices.GetDeviceHandler (6 handlers)
[GIN-debug] GET    /superadmin/devices/:id/power --> sems-backend/internal/devices.GetDevicePowerHandler (6 handlers)
[GIN-debug] GET    /superadmin/energy/analytics --> sems-backend/internal/energy.GetEnergyAnalyticsHandler (6 handlers)
[GIN-debug] GET    /superadmin/energy/history --> sems-backend/internal/energy.GetEnergyHistoryHandler (6 handlers)
[GIN-debug] GET    /superadmin/energy/current --> sems-backend/internal/energy.CurrentEnergy (6 handlers)
[GIN-debug] GET    /superadmin/energy/trend  --> sems-backend/internal/energy.GetGlobalEnergyTrendHandler (6 handlers)
[GIN-debug] GET    /superadmin/regions       --> sems-backend/internal/regions.GetRegionsHandler (6 handlers)
[GIN-debug] POST   /superadmin/regions       --> sems-backend/internal/regions.CreateRegionHandler (6 handlers)
[GIN-debug] PUT    /superadmin/regions/:id   --> sems-backend/internal/regions.UpdateRegionHandler (6 handlers)
[GIN-debug] DELETE /superadmin/regions/:id   --> sems-backend/internal/regions.DeleteRegionHandler (6 handlers)
[GIN-debug] GET    /superadmin/test-regions  --> main.main.func4 (6 handlers)
[GIN-debug] GET    /superadmin/test          --> main.main.func5 (6 handlers)
[GIN-debug] GET    /superadmin/plants        --> sems-backend/internal/plants.GetPlantsHandler (6 handlers)
[GIN-debug] POST   /superadmin/plants        --> sems-backend/internal/plants.CreatePlantHandler (6 handlers)
[GIN-debug] GET    /superadmin/plants/:id    --> sems-backend/internal/plants.GetPlantHandler (6 handlers)
[GIN-debug] PUT    /superadmin/plants/:id    --> sems-backend/internal/plants.UpdatePlantHandler (6 handlers)
[GIN-debug] DELETE /superadmin/plants/:id    --> sems-backend/internal/plants.DeletePlantHandler (6 handlers)
[GIN-debug] GET    /superadmin/reports/users/export --> sems-backend/internal/reports.ExportUsersHandler (6 handlers)
[GIN-debug] GET    /superadmin/reports/plants/export --> sems-backend/internal/reports.ExportPlantsHandler (6 handlers)
[GIN-debug] GET    /admin/users              --> sems-backend/internal/users.GetUsersHandler (6 handlers)
[GIN-debug] GET    /admin/installers         --> sems-backend/internal/users.GetInstallersHandler (6 handlers)
[GIN-debug] POST   /admin/users              --> sems-backend/internal/users.CreateUserHandler (6 handlers)
[GIN-debug] GET    /admin/users/:id          --> sems-backend/internal/users.GetUserHandler (6 handlers)
[GIN-debug] PUT    /admin/users/:id          --> sems-backend/internal/users.UpdateUserHandler (6 handlers)
[GIN-debug] DELETE /admin/users/:id          --> sems-backend/internal/users.DeleteUserHandler (6 handlers)
[GIN-debug] GET    /admin/analytics          --> sems-backend/internal/users.GetAdminStatsHandler (6 handlers)
[GIN-debug] GET    /admin/devices            --> sems-backend/internal/devices.GetAllDevicesHandler (6 handlers)
[GIN-debug] GET    /admin/devices/:id        --> sems-backend/internal/devices.GetDeviceHandler (6 handlers)
[GIN-debug] GET    /admin/devices/:id/power  --> sems-backend/internal/devices.GetDevicePowerHandler (6 handlers)
[GIN-debug] PUT    /admin/devices/:id        --> sems-backend/internal/devices.UpdateDeviceHandler (6 handlers)
[GIN-debug] DELETE /admin/devices/:id        --> sems-backend/internal/devices.DeleteDeviceHandler (6 handlers)
[GIN-debug] GET    /govt/dashboard/stats     --> sems-backend/internal/govt.GetDashboardStatsHandler (6 handlers)
[GIN-debug] GET    /govt/subsidies/pending   --> sems-backend/internal/govt.GetPendingSubsidiesHandler (6 handlers)
[GIN-debug] GET    /govt/subsidies/history   --> sems-backend/internal/govt.GetSubsidyHistoryHandler (6 handlers)
[GIN-debug] PUT    /govt/subsidies/:id/status --> sems-backend/internal/govt.UpdateSubsidyStatusHandler (6 handlers)
[GIN-debug] GET    /govt/subsidy/reports     --> main.main.func6 (6 handlers)
2026/01/13 12:56:00 Server starting on :8080 with regions support
[GIN-debug] [WARNING] You trusted all proxies, this is NOT safe. We recommend you to set a value.
Please check https://github.com/gin-gonic/gin/blob/master/docs/doc.md#dont-trust-all-proxies for details.
[GIN-debug] Listening and serving HTTP on :8080
[GIN-debug] [ERROR] listen tcp :8080: bind: address already in use
2026/01/13 12:56:00 Database connection closed
